<?xml version="1.0" encoding="UTF-8"?>
<!-- Generated by org.testng.reporters.JUnitXMLReporter -->
<testsuite ignored="0" hostname="NidhiPrpatisAir" failures="1" tests="1" name="Test3" time="11.091" errors="0" timestamp="2021-07-12T22:31:09 IST">
  <testcase classname="testCases.Courses" name="courses" time="3.509">
    <failure type="java.lang.AssertionError" message="expected [false] but found [true]">
      <![CDATA[java.lang.AssertionError: expected [false] but found [true]
at testCases.Courses.courses(Courses.java:40)
at java.base/java.util.ArrayList.forEach(ArrayList.java:1511)
... Removed 31 stack frames]]>
    </failure>
  </testcase> <!-- courses -->
</testsuite> <!-- Test3 -->
