<?xml version="1.0" encoding="UTF-8"?>
<!-- Generated by org.testng.reporters.JUnitXMLReporter -->
<testsuite hostname="NidhiPrpatisAir" ignored="0" name="Test2" tests="2" failures="0" timestamp="2021-07-15T22:42:58 IST" time="0.021" errors="0">
  <testcase name="@BeforeTest initialize" time="0.004" classname="testCases.LoginPage">
    <failure type="java.lang.NullPointerException">
      <![CDATA[java.lang.NullPointerException
at resources.Base.initializeDriver(Base.java:33)
at testCases.LoginPage.initialize(LoginPage.java:29)
... Removed 28 stack frames]]>
    </failure>
  </testcase> <!-- @BeforeTest initialize -->
  <testcase name="@AfterTest endTesting" time="-1.626369178973E9" classname="testCases.LoginPage">
    <skipped/>
  </testcase> <!-- @AfterTest endTesting -->
  <testcase name="developmentcode" time="0.0" classname="testCases.LoginPage">
    <skipped/>
  </testcase> <!-- developmentcode -->
  <testcase name="login" time="0.0" classname="testCases.LoginPage">
    <skipped/>
  </testcase> <!-- login -->
</testsuite> <!-- Test2 -->
