<?xml version="1.0" encoding="UTF-8"?>
<!-- Generated by org.testng.reporters.JUnitXMLReporter -->
<testsuite ignored="0" hostname="NidhiPrpatisAir" failures="0" tests="5" name="Test" time="55.719" errors="0" timestamp="2021-06-30T23:29:44 IST">
  <testcase classname="testCases.HomePage" name="baseHomePageNavigation" time="0.185"/>
  <testcase classname="testCases.LoginPage" name="login" time="1.873"/>
  <testcase classname="testCases.Contact" name="baseHomePageNavigation" time="7.189"/>
  <testcase classname="testCases.Courses" name="baseHomePageNavigation" time="3.458"/>
  <testcase classname="testCases.Practice" name="baseHomePageNavigation" time="4.723"/>
</testsuite> <!-- Test -->
