<?xml version="1.0" encoding="UTF-8"?>
<!-- Generated by org.testng.reporters.JUnitXMLReporter -->
<testsuite hostname="NidhiPrpatisAir" ignored="0" name="Test4" tests="1" failures="0" timestamp="2021-07-15T22:42:59 IST" time="0.003" errors="0">
  <testcase name="@BeforeTest initialize" time="0.0" classname="testCases.Contact">
    <failure type="java.lang.NullPointerException">
      <![CDATA[java.lang.NullPointerException
at resources.Base.initializeDriver(Base.java:33)
at testCases.Contact.initialize(Contact.java:29)
... Removed 28 stack frames]]>
    </failure>
  </testcase> <!-- @BeforeTest initialize -->
  <testcase name="@AfterTest endTesting" time="-1.62636917905E9" classname="testCases.Contact">
    <skipped/>
  </testcase> <!-- @AfterTest endTesting -->
  <testcase name="contact" time="0.0" classname="testCases.Contact">
    <skipped/>
  </testcase> <!-- contact -->
</testsuite> <!-- Test4 -->
