<?xml version="1.0" encoding="UTF-8"?>
<!-- Generated by org.testng.reporters.JUnitXMLReporter -->
<testsuite hostname="NidhiPrpatisAir" ignored="0" name="Test3" tests="1" failures="1" timestamp="2021-07-06T22:36:20 IST" time="10.386" errors="0">
  <testcase name="courses" time="3.646" classname="testCases.Courses">
    <failure type="java.lang.AssertionError" message="expected [false] but found [true]">
      <![CDATA[java.lang.AssertionError: expected [false] but found [true]
at testCases.Courses.courses(Courses.java:40)
at java.util.ArrayList.forEach(ArrayList.java:1259)
... Removed 35 stack frames]]>
    </failure>
  </testcase> <!-- courses -->
</testsuite> <!-- Test3 -->
