<?xml version="1.0" encoding="UTF-8"?>
<!-- Generated by org.testng.reporters.JUnitXMLReporter -->
<testsuite hostname="NidhiPrpatisAir" ignored="0" name="Test1" tests="2" failures="0" timestamp="2021-07-15T22:42:58 IST" time="0.041" errors="0">
  <testcase name="@BeforeTest initialize" time="0.01" classname="testCases.HomePage">
    <failure type="java.lang.NullPointerException">
      <![CDATA[java.lang.NullPointerException
at resources.Base.initializeDriver(Base.java:33)
at testCases.HomePage.initialize(HomePage.java:38)
... Removed 28 stack frames]]>
    </failure>
  </testcase> <!-- @BeforeTest initialize -->
  <testcase name="@AfterTest endTesting" time="-1.626369178409E9" classname="testCases.HomePage">
    <skipped/>
  </testcase> <!-- @AfterTest endTesting -->
  <testcase name="baseHomePageNavigation" time="0.0" classname="testCases.HomePage">
    <skipped/>
  </testcase> <!-- baseHomePageNavigation -->
  <testcase name="developmentBranch" time="0.0" classname="testCases.HomePage">
    <skipped/>
  </testcase> <!-- developmentBranch -->
</testsuite> <!-- Test1 -->
