<?xml version="1.0" encoding="UTF-8"?>
<!-- Generated by org.testng.reporters.JUnitXMLReporter -->
<testsuite hostname="NidhiPrpatisAir" ignored="0" name="Test5" tests="1" failures="0" timestamp="2021-07-15T22:42:59 IST" time="0.001" errors="0">
  <testcase name="@BeforeTest initialize" time="0.0" classname="testCases.Practice">
    <failure type="java.lang.NullPointerException">
      <![CDATA[java.lang.NullPointerException
at resources.Base.initializeDriver(Base.java:33)
at testCases.Practice.initialize(Practice.java:27)
... Removed 28 stack frames]]>
    </failure>
  </testcase> <!-- @BeforeTest initialize -->
  <testcase name="@AfterTest endTesting" time="-1.626369179079E9" classname="testCases.Practice">
    <skipped/>
  </testcase> <!-- @AfterTest endTesting -->
  <testcase name="practice" time="0.0" classname="testCases.Practice">
    <skipped/>
  </testcase> <!-- practice -->
</testsuite> <!-- Test5 -->
