<?xml version="1.0" encoding="UTF-8"?>
<testng-results ignored="0" total="7" passed="7" failed="0" skipped="0">
  <reporter-output>
  </reporter-output>
  <suite started-at="2021-07-12T22:33:11 IST" name="Suite" finished-at="2021-07-12T22:34:08 IST" duration-ms="56412">
    <groups>
    </groups>
    <test started-at="2021-07-12T22:33:11 IST" name="Test1" finished-at="2021-07-12T22:33:21 IST" duration-ms="9689">
      <class name="testCases.HomePage">
        <test-method is-config="true" signature="initialize()[pri:0, instance:testCases.HomePage@743cb8e0]" started-at="2021-07-12T22:33:11 IST" name="initialize" finished-at="2021-07-12T22:33:20 IST" duration-ms="8387" status="PASS">
          <reporter-output>
          </reporter-output>
        </test-method> <!-- initialize -->
        <test-method signature="baseHomePageNavigation()[pri:0, instance:testCases.HomePage@743cb8e0]" started-at="2021-07-12T22:33:20 IST" name="baseHomePageNavigation" finished-at="2021-07-12T22:33:20 IST" duration-ms="151" status="PASS">
          <reporter-output>
          </reporter-output>
        </test-method> <!-- baseHomePageNavigation -->
        <test-method signature="developmentBranch()[pri:0, instance:testCases.HomePage@743cb8e0]" started-at="2021-07-12T22:33:20 IST" name="developmentBranch" finished-at="2021-07-12T22:33:20 IST" duration-ms="0" status="PASS">
          <reporter-output>
          </reporter-output>
        </test-method> <!-- developmentBranch -->
        <test-method is-config="true" signature="endTesting()[pri:0, instance:testCases.HomePage@743cb8e0]" started-at="2021-07-12T22:33:20 IST" name="endTesting" finished-at="2021-07-12T22:33:21 IST" duration-ms="1122" status="PASS">
          <reporter-output>
          </reporter-output>
        </test-method> <!-- endTesting -->
      </class> <!-- testCases.HomePage -->
    </test> <!-- Test1 -->
    <test started-at="2021-07-12T22:33:21 IST" name="Test2" finished-at="2021-07-12T22:33:31 IST" duration-ms="10026">
      <class name="testCases.LoginPage">
        <test-method is-config="true" signature="initialize()[pri:0, instance:testCases.LoginPage@26fb628]" started-at="2021-07-12T22:33:21 IST" name="initialize" finished-at="2021-07-12T22:33:29 IST" duration-ms="7083" status="PASS">
          <reporter-output>
          </reporter-output>
        </test-method> <!-- initialize -->
        <test-method signature="developmentcode()[pri:0, instance:testCases.LoginPage@26fb628]" started-at="2021-07-12T22:33:29 IST" name="developmentcode" finished-at="2021-07-12T22:33:29 IST" duration-ms="2" status="PASS">
          <reporter-output>
          </reporter-output>
        </test-method> <!-- developmentcode -->
        <test-method signature="login(java.lang.String, java.lang.String, java.lang.String)[pri:0, instance:testCases.LoginPage@26fb628]" started-at="2021-07-12T22:33:29 IST" name="login" data-provider="getData" finished-at="2021-07-12T22:33:30 IST" duration-ms="1863" status="PASS">
          <params>
            <param index="0">
              <value>
                <![CDATA[nidhi@gmail.com]]>
              </value>
            </param>
            <param index="1">
              <value>
                <![CDATA[Password1]]>
              </value>
            </param>
            <param index="2">
              <value>
                <![CDATA[Valid user]]>
              </value>
            </param>
          </params>
          <reporter-output>
          </reporter-output>
        </test-method> <!-- login -->
        <test-method is-config="true" signature="endTesting()[pri:0, instance:testCases.LoginPage@26fb628]" started-at="2021-07-12T22:33:30 IST" name="endTesting" finished-at="2021-07-12T22:33:31 IST" duration-ms="1061" status="PASS">
          <reporter-output>
          </reporter-output>
        </test-method> <!-- endTesting -->
      </class> <!-- testCases.LoginPage -->
    </test> <!-- Test2 -->
    <test started-at="2021-07-12T22:33:32 IST" name="Test3" finished-at="2021-07-12T22:33:41 IST" duration-ms="9835">
      <class name="testCases.Courses">
        <test-method is-config="true" signature="initialize()[pri:0, instance:testCases.Courses@2c9399a4]" started-at="2021-07-12T22:33:32 IST" name="initialize" finished-at="2021-07-12T22:33:38 IST" duration-ms="6086" status="PASS">
          <reporter-output>
          </reporter-output>
        </test-method> <!-- initialize -->
        <test-method signature="courses()[pri:0, instance:testCases.Courses@2c9399a4]" started-at="2021-07-12T22:33:38 IST" name="courses" finished-at="2021-07-12T22:33:41 IST" duration-ms="3605" status="PASS">
          <reporter-output>
          </reporter-output>
        </test-method> <!-- courses -->
        <test-method is-config="true" signature="endTesting()[pri:0, instance:testCases.Courses@2c9399a4]" started-at="2021-07-12T22:33:41 IST" name="endTesting" finished-at="2021-07-12T22:33:41 IST" duration-ms="143" status="PASS">
          <reporter-output>
          </reporter-output>
        </test-method> <!-- endTesting -->
      </class> <!-- testCases.Courses -->
    </test> <!-- Test3 -->
    <test started-at="2021-07-12T22:33:42 IST" name="Test4" finished-at="2021-07-12T22:33:56 IST" duration-ms="14726">
      <class name="testCases.Contact">
        <test-method is-config="true" signature="initialize()[pri:0, instance:testCases.Contact@5bda80bf]" started-at="2021-07-12T22:33:42 IST" name="initialize" finished-at="2021-07-12T22:33:49 IST" duration-ms="7117" status="PASS">
          <reporter-output>
          </reporter-output>
        </test-method> <!-- initialize -->
        <test-method signature="contact()[pri:0, instance:testCases.Contact@5bda80bf]" started-at="2021-07-12T22:33:49 IST" name="contact" finished-at="2021-07-12T22:33:56 IST" duration-ms="7523" status="PASS">
          <reporter-output>
          </reporter-output>
        </test-method> <!-- contact -->
        <test-method is-config="true" signature="endTesting()[pri:0, instance:testCases.Contact@5bda80bf]" started-at="2021-07-12T22:33:56 IST" name="endTesting" finished-at="2021-07-12T22:33:56 IST" duration-ms="83" status="PASS">
          <reporter-output>
          </reporter-output>
        </test-method> <!-- endTesting -->
      </class> <!-- testCases.Contact -->
    </test> <!-- Test4 -->
    <test started-at="2021-07-12T22:33:56 IST" name="Test5" finished-at="2021-07-12T22:34:08 IST" duration-ms="11385">
      <class name="testCases.Practice">
        <test-method is-config="true" signature="initialize()[pri:0, instance:testCases.Practice@6a62689d]" started-at="2021-07-12T22:33:56 IST" name="initialize" finished-at="2021-07-12T22:34:03 IST" duration-ms="7002" status="PASS">
          <reporter-output>
          </reporter-output>
        </test-method> <!-- initialize -->
        <test-method signature="practice()[pri:0, instance:testCases.Practice@6a62689d]" started-at="2021-07-12T22:34:03 IST" name="practice" finished-at="2021-07-12T22:34:08 IST" duration-ms="4253" status="PASS">
          <reporter-output>
          </reporter-output>
        </test-method> <!-- practice -->
        <test-method is-config="true" signature="endTesting()[pri:0, instance:testCases.Practice@6a62689d]" started-at="2021-07-12T22:34:08 IST" name="endTesting" finished-at="2021-07-12T22:34:08 IST" duration-ms="128" status="PASS">
          <reporter-output>
          </reporter-output>
        </test-method> <!-- endTesting -->
      </class> <!-- testCases.Practice -->
    </test> <!-- Test5 -->
  </suite> <!-- Suite -->
</testng-results>
