<?xml version="1.0" encoding="UTF-8"?>
<testsuite xmlns:xsi="http://www.w3.org/2001/XMLSchema-instance" xsi:noNamespaceSchemaLocation="https://maven.apache.org/surefire/maven-surefire-plugin/xsd/surefire-test-report.xsd" name="TestSuite" time="55.212" tests="5" errors="0" skipped="0" failures="1">
  <properties>
[...]
</properties>
  <testcase name="baseHomePageNavigation" classname="testCases.HomePage" time="0.136"/>
  <testcase name="login" classname="testCases.LoginPage" time="1.801"/>
  <testcase name="courses" classname="testCases.Courses" time="4.033">
    <failure message="expected [false] but found [true]" type="java.lang.AssertionError">java.lang.AssertionError: expected [false] but found [true]
	at testCases.Courses.courses(Courses.java:40)
</failure>
    <system-out><![CDATA[Screenshot stored/Users/nidhi/eclipse-workspace/FrameWorkFromScratch/screenshots/courses_Tue_Jul_06_22_36_19_IST_2021.png
]]></system-out>
    <system-err><![CDATA[Starting ChromeDriver 91.0.4472.101 (af52a90bf87030dd1523486a1cd3ae25c5d76c9b-refs/branch-heads/4472@{#1462}) on port 46005
Only local connections are allowed.
Please see https://chromedriver.chromium.org/security-considerations for suggestions on keeping ChromeDriver safe.
ChromeDriver was started successfully.
Jul 06, 2021 10:36:13 PM org.openqa.selenium.remote.ProtocolHandshake createSession
INFO: Detected dialect: W3C
]]></system-err>
  </testcase>
  <testcase name="contact" classname="testCases.Contact" time="7.524"/>
  <testcase name="practice" classname="testCases.Practice" time="4.732"/>
</testsuite>