<?xml version="1.0" encoding="UTF-8"?>
<testsuite xmlns:xsi="http://www.w3.org/2001/XMLSchema-instance" xsi:noNamespaceSchemaLocation="https://maven.apache.org/surefire/maven-surefire-plugin/xsd/surefire-test-report.xsd" name="TestSuite" time="57.826" tests="7" errors="0" skipped="0" failures="0">
  <properties>
[...]
</properties>
  <testcase name="baseHomePageNavigation" classname="testCases.HomePage" time="0.153"/>
  <testcase name="developmentBranch" classname="testCases.HomePage" time="0"/>
  <testcase name="developmentcode" classname="testCases.LoginPage" time="0.001"/>
  <testcase name="login" classname="testCases.LoginPage" time="1.866"/>
  <testcase name="courses" classname="testCases.Courses" time="3.606"/>
  <testcase name="contact" classname="testCases.Contact" time="7.526"/>
  <testcase name="practice" classname="testCases.Practice" time="4.254"/>
</testsuite>